<?xml version="1.0" encoding="UTF-8"?>
<!-- Generated by org.testng.reporters.JUnitReportReporter -->
<testsuite ignored="0" hostname="LAPTOP-HDJ0G4L3" failures="0" tests="1" name="test.NewTest" time="0.118" errors="0" timestamp="07 nov. 2020 17:57:11 GMT" skipped="0">
  <testcase classname="test.NewTest" name="f" time="0.118"/>
</testsuite> <!-- test.NewTest -->
